<?xml version="1.0" encoding="UTF-8"?>
<!-- Generated by org.testng.reporters.JUnitReportReporter -->
<testsuite ignored="6" hostname="lob-mbp-C02G713FMD6P" failures="0" tests="23" name="Model.PostcardTest" time="0.001" errors="0" timestamp="05 May 2022 19:39:43 GMT" skipped="0">
  <testcase classname="Model.PostcardTest" name="metadataTest" time="0.000"/>
  <testcase classname="Model.PostcardTest" name="fromTest" time="0.000"/>
  <testcase classname="Model.PostcardTest" name="toTest" time="0.000"/>
  <testcase classname="Model.PostcardTest" name="thumbnailsTest" time="0.000"/>
  <testcase classname="Model.PostcardTest" name="sendDateTest" time="0.000"/>
  <testcase classname="Model.PostcardTest" name="testPostcard" time="0.000"/>
  <testcase classname="Model.PostcardTest" name="frontTemplateIdTest" time="0.000"/>
  <testcase classname="Model.PostcardTest" name="mailTypeTest" time="0.000"/>
  <testcase classname="Model.PostcardTest" name="dateCreatedTest" time="0.000"/>
  <testcase classname="Model.PostcardTest" name="frontTemplateVersionIdTest" time="0.000"/>
  <testcase classname="Model.PostcardTest" name="trackingEventsTest" time="0.000"/>
  <testcase classname="Model.PostcardTest" name="mergeVariablesTest" time="0.000"/>
  <testcase classname="Model.PostcardTest" name="descriptionTest" time="0.000"/>
  <testcase classname="Model.PostcardTest" name="idTest" time="0.000"/>
  <testcase classname="Model.PostcardTest" name="deletedTest" time="0.000"/>
  <testcase classname="Model.PostcardTest" name="expectedDeliveryDateTest" time="0.000"/>
  <testcase classname="Model.PostcardTest" name="_objectTest" time="0.000"/>
  <testcase classname="Model.PostcardTest" name="urlTest" time="0.000"/>
  <testcase classname="Model.PostcardTest" name="sizeTest" time="0.000"/>
  <testcase classname="Model.PostcardTest" name="backTemplateVersionIdTest" time="0.000"/>
  <testcase classname="Model.PostcardTest" name="dateModifiedTest" time="0.001"/>
  <testcase classname="Model.PostcardTest" name="carrierTest" time="0.000"/>
  <testcase classname="Model.PostcardTest" name="backTemplateIdTest" time="0.000"/>
  <testcase classname="Api.BankAccountsApiTest" name="bankAccountVerifyTest">
    <skipped/>
  </testcase> <!-- bankAccountVerifyTest -->
  <testcase classname="Api.LettersApiTest" name="lettersListTest">
    <skipped/>
  </testcase> <!-- lettersListTest -->
  <testcase classname="Api.ChecksApiTest" name="checksListTest">
    <skipped/>
  </testcase> <!-- checksListTest -->
  <testcase classname="Api.BillingGroupsApiTest" name="billingGroupsListTest">
    <skipped/>
  </testcase> <!-- billingGroupsListTest -->
  <testcase classname="Api.PostcardsApiTest" name="postcardsListTest">
    <skipped/>
  </testcase> <!-- postcardsListTest -->
  <testcase classname="Api.TemplatesApiTest" name="templatesListTest">
    <skipped/>
  </testcase> <!-- templatesListTest -->
</testsuite> <!-- Model.PostcardTest -->
