<?xml version="1.0" encoding="UTF-8"?>
<!-- Generated by org.testng.reporters.JUnitReportReporter -->
<testsuite ignored="6" hostname="lob-mbp-C02G713FMD6P" failures="0" tests="14" name="Api.TemplatesApiTest" time="0.047" errors="0" timestamp="05 May 2022 17:55:13 GMT" skipped="0">
  <testcase classname="Api.TemplatesApiTest" name="templateUpdateTestCatchesException" time="0.000"/>
  <testcase classname="Api.TemplatesApiTest" name="templateRetrieveTestCatchesExceptionWithResponseBody" time="0.000"/>
  <testcase classname="Api.TemplatesApiTest" name="templateDeleteTestCatchesException" time="0.000"/>
  <testcase classname="Api.TemplatesApiTest" name="templateListTestCatchesException" time="0.001"/>
  <testcase classname="Api.TemplatesApiTest" name="templateDeleteTest" time="0.001"/>
  <testcase classname="Api.TemplatesApiTest" name="createTemplateTest" time="0.042"/>
  <testcase classname="Api.TemplatesApiTest" name="templateListTestCatchesExceptionWithResponseBody" time="0.000"/>
  <testcase classname="Api.TemplatesApiTest" name="templateDeleteTestCatchesExceptionWithResponseBody" time="0.000"/>
  <testcase classname="Api.TemplatesApiTest" name="templateRetrieveTest" time="0.001"/>
  <testcase classname="Api.TemplatesApiTest" name="templateRetrieveTestCatchesException" time="0.000"/>
  <testcase classname="Api.TemplatesApiTest" name="templateUpdateTestCatchesExceptionWithResponseBody" time="0.000"/>
  <testcase classname="Api.TemplatesApiTest" name="createTemplateTestCatchesExceptionWithResponseBody" time="0.000"/>
  <testcase classname="Api.TemplatesApiTest" name="createTemplateTestCatchesException" time="0.001"/>
  <testcase classname="Api.TemplatesApiTest" name="templateUpdateTest" time="0.001"/>
  <testcase classname="Api.ChecksApiTest" name="checksListTest">
    <skipped/>
  </testcase> <!-- checksListTest -->
  <testcase classname="Api.BankAccountsApiTest" name="bankAccountVerifyTest">
    <skipped/>
  </testcase> <!-- bankAccountVerifyTest -->
  <testcase classname="Api.PostcardsApiTest" name="postcardsListTest">
    <skipped/>
  </testcase> <!-- postcardsListTest -->
  <testcase classname="Api.TemplatesApiTest" name="templatesListTest">
    <skipped/>
  </testcase> <!-- templatesListTest -->
  <testcase classname="Api.BillingGroupsApiTest" name="billingGroupsListTest">
    <skipped/>
  </testcase> <!-- billingGroupsListTest -->
  <testcase classname="Api.LettersApiTest" name="lettersListTest">
    <skipped/>
  </testcase> <!-- lettersListTest -->
</testsuite> <!-- Api.TemplatesApiTest -->
