<?xml version="1.0" encoding="UTF-8"?>
<!-- Generated by org.testng.reporters.JUnitReportReporter -->
<testsuite ignored="6" hostname="lob-mbp-C02G713FMD6P" failures="0" tests="3" name="Api.ReverseGeocodeLookupsApiTest" time="0.017" errors="0" timestamp="05 May 2022 17:55:13 GMT" skipped="0">
  <testcase classname="Api.ReverseGeocodeLookupsApiTest" name="reverseGeocodeLookupTestCatchesException" time="0.001"/>
  <testcase classname="Api.ReverseGeocodeLookupsApiTest" name="reverseGeocodeLookupTest" time="0.016"/>
  <testcase classname="Api.ReverseGeocodeLookupsApiTest" name="reverseGeocodeLookupTestCatchesExceptionWithResponseBody" time="0.000"/>
  <testcase classname="Api.ChecksApiTest" name="checksListTest">
    <skipped/>
  </testcase> <!-- checksListTest -->
  <testcase classname="Api.BankAccountsApiTest" name="bankAccountVerifyTest">
    <skipped/>
  </testcase> <!-- bankAccountVerifyTest -->
  <testcase classname="Api.PostcardsApiTest" name="postcardsListTest">
    <skipped/>
  </testcase> <!-- postcardsListTest -->
  <testcase classname="Api.TemplatesApiTest" name="templatesListTest">
    <skipped/>
  </testcase> <!-- templatesListTest -->
  <testcase classname="Api.BillingGroupsApiTest" name="billingGroupsListTest">
    <skipped/>
  </testcase> <!-- billingGroupsListTest -->
  <testcase classname="Api.LettersApiTest" name="lettersListTest">
    <skipped/>
  </testcase> <!-- lettersListTest -->
</testsuite> <!-- Api.ReverseGeocodeLookupsApiTest -->
