<?xml version="1.0" encoding="UTF-8"?>
<!-- Generated by org.testng.reporters.JUnitReportReporter -->
<testsuite ignored="6" hostname="lob-mbp-C02G713FMD6P" failures="0" tests="6" name="Api.IntlVerificationsApiTest" time="0.021" errors="0" timestamp="05 May 2022 19:39:42 GMT" skipped="0">
  <testcase classname="Api.IntlVerificationsApiTest" name="bulkIntlVerificationsTestCatchesException" time="0.000"/>
  <testcase classname="Api.IntlVerificationsApiTest" name="bulkIntlVerificationsTestCatchesExceptionWithResponseBody" time="0.000"/>
  <testcase classname="Api.IntlVerificationsApiTest" name="intlVerificationTestCatchesExceptionWithResponseBody" time="0.000"/>
  <testcase classname="Api.IntlVerificationsApiTest" name="intlVerificationTestCatchesException" time="0.000"/>
  <testcase classname="Api.IntlVerificationsApiTest" name="bulkIntlVerificationsTest" time="0.021"/>
  <testcase classname="Api.IntlVerificationsApiTest" name="intlVerificationTest" time="0.000"/>
  <testcase classname="Api.BankAccountsApiTest" name="bankAccountVerifyTest">
    <skipped/>
  </testcase> <!-- bankAccountVerifyTest -->
  <testcase classname="Api.LettersApiTest" name="lettersListTest">
    <skipped/>
  </testcase> <!-- lettersListTest -->
  <testcase classname="Api.ChecksApiTest" name="checksListTest">
    <skipped/>
  </testcase> <!-- checksListTest -->
  <testcase classname="Api.BillingGroupsApiTest" name="billingGroupsListTest">
    <skipped/>
  </testcase> <!-- billingGroupsListTest -->
  <testcase classname="Api.PostcardsApiTest" name="postcardsListTest">
    <skipped/>
  </testcase> <!-- postcardsListTest -->
  <testcase classname="Api.TemplatesApiTest" name="templatesListTest">
    <skipped/>
  </testcase> <!-- templatesListTest -->
</testsuite> <!-- Api.IntlVerificationsApiTest -->
