<?xml version="1.0" encoding="UTF-8"?>
<!-- Generated by org.testng.reporters.JUnitReportReporter -->
<testsuite ignored="6" hostname="lob-mbp-C02G713FMD6P" failures="0" tests="15" name="Api.CardsApiTest" time="0.037" errors="0" timestamp="05 May 2022 19:39:42 GMT" skipped="0">
  <testcase classname="Api.CardsApiTest" name="cardsListTestCatchesException" time="0.000"/>
  <testcase classname="Api.CardsApiTest" name="cardsRetrieveTestCatchesException" time="0.001"/>
  <testcase classname="Api.CardsApiTest" name="cardsCreateTestCatchesExceptionWithResponseBody" time="0.000"/>
  <testcase classname="Api.CardsApiTest" name="cardDeleteTest" time="0.001"/>
  <testcase classname="Api.CardsApiTest" name="cardsDeleteTestCatchesException" time="0.000"/>
  <testcase classname="Api.CardsApiTest" name="cardsListTestCatchesExceptionWithResponseBody" time="0.000"/>
  <testcase classname="Api.CardsApiTest" name="cardCreateTest" time="0.000"/>
  <testcase classname="Api.CardsApiTest" name="cardsUpdateTestCatchesExceptionWithResponseBody" time="0.001"/>
  <testcase classname="Api.CardsApiTest" name="cardsUpdateTestCatchesException" time="0.000"/>
  <testcase classname="Api.CardsApiTest" name="cardUpdateTest" time="0.000"/>
  <testcase classname="Api.CardsApiTest" name="cardsRetrieveTestCatchesExceptionWithResponseBody" time="0.000"/>
  <testcase classname="Api.CardsApiTest" name="CardsListTest" time="0.032"/>
  <testcase classname="Api.CardsApiTest" name="cardsDeleteTestCatchesExceptionWithResponseBody" time="0.001"/>
  <testcase classname="Api.CardsApiTest" name="cardsCreateTestCatchesException" time="0.001"/>
  <testcase classname="Api.CardsApiTest" name="cardRetrieveTest" time="0.000"/>
  <testcase classname="Api.BankAccountsApiTest" name="bankAccountVerifyTest">
    <skipped/>
  </testcase> <!-- bankAccountVerifyTest -->
  <testcase classname="Api.LettersApiTest" name="lettersListTest">
    <skipped/>
  </testcase> <!-- lettersListTest -->
  <testcase classname="Api.ChecksApiTest" name="checksListTest">
    <skipped/>
  </testcase> <!-- checksListTest -->
  <testcase classname="Api.BillingGroupsApiTest" name="billingGroupsListTest">
    <skipped/>
  </testcase> <!-- billingGroupsListTest -->
  <testcase classname="Api.PostcardsApiTest" name="postcardsListTest">
    <skipped/>
  </testcase> <!-- postcardsListTest -->
  <testcase classname="Api.TemplatesApiTest" name="templatesListTest">
    <skipped/>
  </testcase> <!-- templatesListTest -->
</testsuite> <!-- Api.CardsApiTest -->
