<?xml version="1.0" encoding="UTF-8"?>
<!-- Generated by org.testng.reporters.JUnitReportReporter -->
<testsuite ignored="6" hostname="lob-mbp-C02G713FMD6P" failures="0" tests="11" name="Api.BillingGroupsApiTest" time="0.047" errors="0" timestamp="05 May 2022 19:39:43 GMT" skipped="0">
  <testcase classname="Api.BillingGroupsApiTest" name="billingGroupRetrieveTestCatchesExceptionWithResponseBody" time="0.000"/>
  <testcase classname="Api.BillingGroupsApiTest" name="billingGroupRetrieveTestCatchesException" time="0.000"/>
  <testcase classname="Api.BillingGroupsApiTest" name="billingGroupCreateTestCatchesExceptionWithResponseBody" time="0.000"/>
  <testcase classname="Api.BillingGroupsApiTest" name="billingGroupListTestCatchesExceptionWithResponseBody" time="0.000"/>
  <testcase classname="Api.BillingGroupsApiTest" name="billingGroupCreateTest" time="0.044"/>
  <testcase classname="Api.BillingGroupsApiTest" name="billingGroupUpdateTestCatchesExceptionWithResponseBody" time="0.001"/>
  <testcase classname="Api.BillingGroupsApiTest" name="billingGroupCreateTestCatchesException" time="0.000"/>
  <testcase classname="Api.BillingGroupsApiTest" name="billingGroupListTestCatchesException" time="0.001"/>
  <testcase classname="Api.BillingGroupsApiTest" name="billingGroupRetrieveTest" time="0.001"/>
  <testcase classname="Api.BillingGroupsApiTest" name="billingGroupUpdateTest" time="0.000"/>
  <testcase classname="Api.BillingGroupsApiTest" name="billingGroupUpdateTestCatchesException" time="0.000"/>
  <testcase classname="Api.BankAccountsApiTest" name="bankAccountVerifyTest">
    <skipped/>
  </testcase> <!-- bankAccountVerifyTest -->
  <testcase classname="Api.LettersApiTest" name="lettersListTest">
    <skipped/>
  </testcase> <!-- lettersListTest -->
  <testcase classname="Api.ChecksApiTest" name="checksListTest">
    <skipped/>
  </testcase> <!-- checksListTest -->
  <testcase classname="Api.BillingGroupsApiTest" name="billingGroupsListTest">
    <skipped/>
  </testcase> <!-- billingGroupsListTest -->
  <testcase classname="Api.PostcardsApiTest" name="postcardsListTest">
    <skipped/>
  </testcase> <!-- postcardsListTest -->
  <testcase classname="Api.TemplatesApiTest" name="templatesListTest">
    <skipped/>
  </testcase> <!-- templatesListTest -->
</testsuite> <!-- Api.BillingGroupsApiTest -->
