<?xml version="1.0" encoding="UTF-8"?>
<!-- Generated by org.testng.reporters.JUnitReportReporter -->
<testsuite ignored="6" hostname="lob-mbp-C02G713FMD6P" failures="0" tests="7" name="Model.BankAccountWritableTest" time="0.000" errors="0" timestamp="05 May 2022 19:39:43 GMT" skipped="0">
  <testcase classname="Model.BankAccountWritableTest" name="signatoryTest" time="0.000"/>
  <testcase classname="Model.BankAccountWritableTest" name="metadataTest" time="0.000"/>
  <testcase classname="Model.BankAccountWritableTest" name="accountNumberTest" time="0.000"/>
  <testcase classname="Model.BankAccountWritableTest" name="testBankAccountWritable" time="0.000"/>
  <testcase classname="Model.BankAccountWritableTest" name="routingNumberTest" time="0.000"/>
  <testcase classname="Model.BankAccountWritableTest" name="descriptionTest" time="0.000"/>
  <testcase classname="Model.BankAccountWritableTest" name="accountTypeTest" time="0.000"/>
  <testcase classname="Api.BankAccountsApiTest" name="bankAccountVerifyTest">
    <skipped/>
  </testcase> <!-- bankAccountVerifyTest -->
  <testcase classname="Api.LettersApiTest" name="lettersListTest">
    <skipped/>
  </testcase> <!-- lettersListTest -->
  <testcase classname="Api.ChecksApiTest" name="checksListTest">
    <skipped/>
  </testcase> <!-- checksListTest -->
  <testcase classname="Api.BillingGroupsApiTest" name="billingGroupsListTest">
    <skipped/>
  </testcase> <!-- billingGroupsListTest -->
  <testcase classname="Api.PostcardsApiTest" name="postcardsListTest">
    <skipped/>
  </testcase> <!-- postcardsListTest -->
  <testcase classname="Api.TemplatesApiTest" name="templatesListTest">
    <skipped/>
  </testcase> <!-- templatesListTest -->
</testsuite> <!-- Model.BankAccountWritableTest -->
