<?xml version="1.0" encoding="UTF-8"?>
<!-- Generated by org.testng.reporters.JUnitReportReporter -->
<testsuite ignored="6" hostname="lob-mbp-C02G713FMD6P" failures="0" tests="6" name="Api.UsVerificationsApiTest" time="0.022" errors="0" timestamp="05 May 2022 19:39:43 GMT" skipped="0">
  <testcase classname="Api.UsVerificationsApiTest" name="UsVerificationTestCatchesExceptionWithResponseBody" time="0.000"/>
  <testcase classname="Api.UsVerificationsApiTest" name="usVerificationTest" time="0.001"/>
  <testcase classname="Api.UsVerificationsApiTest" name="bulkVerificationsTestCatchesExceptionWithResponseBody" time="0.000"/>
  <testcase classname="Api.UsVerificationsApiTest" name="UsVerificationTestCatchesException" time="0.021"/>
  <testcase classname="Api.UsVerificationsApiTest" name="bulkUsVerificationsTest" time="0.000"/>
  <testcase classname="Api.UsVerificationsApiTest" name="bulkVerificationsTestCatchesException" time="0.000"/>
  <testcase classname="Api.BankAccountsApiTest" name="bankAccountVerifyTest">
    <skipped/>
  </testcase> <!-- bankAccountVerifyTest -->
  <testcase classname="Api.LettersApiTest" name="lettersListTest">
    <skipped/>
  </testcase> <!-- lettersListTest -->
  <testcase classname="Api.ChecksApiTest" name="checksListTest">
    <skipped/>
  </testcase> <!-- checksListTest -->
  <testcase classname="Api.BillingGroupsApiTest" name="billingGroupsListTest">
    <skipped/>
  </testcase> <!-- billingGroupsListTest -->
  <testcase classname="Api.PostcardsApiTest" name="postcardsListTest">
    <skipped/>
  </testcase> <!-- postcardsListTest -->
  <testcase classname="Api.TemplatesApiTest" name="templatesListTest">
    <skipped/>
  </testcase> <!-- templatesListTest -->
</testsuite> <!-- Api.UsVerificationsApiTest -->
