<?xml version="1.0" encoding="UTF-8"?>
<!-- Generated by org.testng.reporters.JUnitReportReporter -->
<testsuite ignored="6" hostname="lob-mbp-C02G713FMD6P" failures="0" tests="10" name="Model.TemplateTest" time="0.001" errors="0" timestamp="05 May 2022 17:55:13 GMT" skipped="0">
  <testcase classname="Model.TemplateTest" name="dateCreatedTest" time="0.000"/>
  <testcase classname="Model.TemplateTest" name="metadataTest" time="0.000"/>
  <testcase classname="Model.TemplateTest" name="_objectTest" time="0.000"/>
  <testcase classname="Model.TemplateTest" name="descriptionTest" time="0.000"/>
  <testcase classname="Model.TemplateTest" name="dateModifiedTest" time="0.000"/>
  <testcase classname="Model.TemplateTest" name="publishedVersionTest" time="0.000"/>
  <testcase classname="Model.TemplateTest" name="testTemplate" time="0.000"/>
  <testcase classname="Model.TemplateTest" name="idTest" time="0.000"/>
  <testcase classname="Model.TemplateTest" name="versionsTest" time="0.000"/>
  <testcase classname="Model.TemplateTest" name="deletedTest" time="0.001"/>
  <testcase classname="Api.ChecksApiTest" name="checksListTest">
    <skipped/>
  </testcase> <!-- checksListTest -->
  <testcase classname="Api.BankAccountsApiTest" name="bankAccountVerifyTest">
    <skipped/>
  </testcase> <!-- bankAccountVerifyTest -->
  <testcase classname="Api.PostcardsApiTest" name="postcardsListTest">
    <skipped/>
  </testcase> <!-- postcardsListTest -->
  <testcase classname="Api.TemplatesApiTest" name="templatesListTest">
    <skipped/>
  </testcase> <!-- templatesListTest -->
  <testcase classname="Api.BillingGroupsApiTest" name="billingGroupsListTest">
    <skipped/>
  </testcase> <!-- billingGroupsListTest -->
  <testcase classname="Api.LettersApiTest" name="lettersListTest">
    <skipped/>
  </testcase> <!-- lettersListTest -->
</testsuite> <!-- Model.TemplateTest -->
