<?xml version="1.0" encoding="UTF-8"?>
<!-- Generated by org.testng.reporters.JUnitReportReporter -->
<testsuite ignored="6" hostname="lob-mbp-C02G713FMD6P" failures="0" tests="12" name="Api.BankAccountsApiTest" time="0.041" errors="0" timestamp="05 May 2022 17:55:13 GMT" skipped="0">
  <testcase classname="Api.BankAccountsApiTest" name="bankAccountDeleteTestCatchesExceptionWithResponseBody" time="0.000"/>
  <testcase classname="Api.BankAccountsApiTest" name="bankAccountCreateTest" time="0.000"/>
  <testcase classname="Api.BankAccountsApiTest" name="bankAccountListTestCatchesException" time="0.001"/>
  <testcase classname="Api.BankAccountsApiTest" name="bankAccountCreateTestCatchesExceptionWithResponseBody" time="0.000"/>
  <testcase classname="Api.BankAccountsApiTest" name="bankAccountDeleteTest" time="0.001"/>
  <testcase classname="Api.BankAccountsApiTest" name="bankAccountRetrieveTestCatchesExceptionWithResponseBody" time="0.000"/>
  <testcase classname="Api.BankAccountsApiTest" name="bankAccountsListTest" time="0.000"/>
  <testcase classname="Api.BankAccountsApiTest" name="bankAccountRetrieveTestCatchesException" time="0.001"/>
  <testcase classname="Api.BankAccountsApiTest" name="bankAccountCreateTestCatchesException" time="0.001"/>
  <testcase classname="Api.BankAccountsApiTest" name="bankAccountListTestCatchesExceptionWithResponseBody" time="0.000"/>
  <testcase classname="Api.BankAccountsApiTest" name="BankAccountRetrieveTest" time="0.037"/>
  <testcase classname="Api.BankAccountsApiTest" name="bankAccountDeleteTestCatchesException" time="0.000"/>
  <testcase classname="Api.ChecksApiTest" name="checksListTest">
    <skipped/>
  </testcase> <!-- checksListTest -->
  <testcase classname="Api.BankAccountsApiTest" name="bankAccountVerifyTest">
    <skipped/>
  </testcase> <!-- bankAccountVerifyTest -->
  <testcase classname="Api.PostcardsApiTest" name="postcardsListTest">
    <skipped/>
  </testcase> <!-- postcardsListTest -->
  <testcase classname="Api.TemplatesApiTest" name="templatesListTest">
    <skipped/>
  </testcase> <!-- templatesListTest -->
  <testcase classname="Api.BillingGroupsApiTest" name="billingGroupsListTest">
    <skipped/>
  </testcase> <!-- billingGroupsListTest -->
  <testcase classname="Api.LettersApiTest" name="lettersListTest">
    <skipped/>
  </testcase> <!-- lettersListTest -->
</testsuite> <!-- Api.BankAccountsApiTest -->
