<?xml version="1.0" encoding="UTF-8"?>
<!-- Generated by org.testng.reporters.JUnitReportReporter -->
<testsuite ignored="6" hostname="lob-mbp-C02G713FMD6P" failures="0" tests="16" name="Integration.BankAccountsApiSpecTest" time="3.436" errors="0" timestamp="05 May 2022 19:39:43 GMT" skipped="0">
  <testcase classname="Integration.BankAccountsApiSpecTest" name="bankAccountDeleteTest" time="0.110"/>
  <testcase classname="Integration.BankAccountsApiSpecTest" name="bankAccountDeleteTestBadUsername" time="0.092"/>
  <testcase classname="Integration.BankAccountsApiSpecTest" name="bankAccountGetTest" time="0.396"/>
  <testcase classname="Integration.BankAccountsApiSpecTest" name="bankAccountListTest" time="0.220"/>
  <testcase classname="Integration.BankAccountsApiSpecTest" name="bankAccountCreateTestBadUsername" time="0.382"/>
  <testcase classname="Integration.BankAccountsApiSpecTest" name="bankAccountGetTestBadParameter" time="0.000"/>
  <testcase classname="Integration.BankAccountsApiSpecTest" name="bankAccountListTestBadUsername" time="0.087"/>
  <testcase classname="Integration.BankAccountsApiSpecTest" name="bankAccountListTesWithbeforeParam" time="0.451"/>
  <testcase classname="Integration.BankAccountsApiSpecTest" name="bankAccountVerifyTestBadParameter" time="0.000"/>
  <testcase classname="Integration.BankAccountsApiSpecTest" name="bankAccountCreateTestBadParameter" time="0.001"/>
  <testcase classname="Integration.BankAccountsApiSpecTest" name="bankAccountVerifyTest" time="0.128"/>
  <testcase classname="Integration.BankAccountsApiSpecTest" name="bankAccountListTesWithAfterParam" time="0.204"/>
  <testcase classname="Integration.BankAccountsApiSpecTest" name="bankAccountCreateTest" time="0.794"/>
  <testcase classname="Integration.BankAccountsApiSpecTest" name="bankAccountDeleteTestBadParameter" time="0.000"/>
  <testcase classname="Integration.BankAccountsApiSpecTest" name="bankAccountRetrieveTestBadUsername" time="0.305"/>
  <testcase classname="Integration.BankAccountsApiSpecTest" name="bankAccountGetTestBadUsername" time="0.266"/>
  <testcase classname="Api.BankAccountsApiTest" name="bankAccountVerifyTest">
    <skipped/>
  </testcase> <!-- bankAccountVerifyTest -->
  <testcase classname="Api.LettersApiTest" name="lettersListTest">
    <skipped/>
  </testcase> <!-- lettersListTest -->
  <testcase classname="Api.ChecksApiTest" name="checksListTest">
    <skipped/>
  </testcase> <!-- checksListTest -->
  <testcase classname="Api.BillingGroupsApiTest" name="billingGroupsListTest">
    <skipped/>
  </testcase> <!-- billingGroupsListTest -->
  <testcase classname="Api.PostcardsApiTest" name="postcardsListTest">
    <skipped/>
  </testcase> <!-- postcardsListTest -->
  <testcase classname="Api.TemplatesApiTest" name="templatesListTest">
    <skipped/>
  </testcase> <!-- templatesListTest -->
</testsuite> <!-- Integration.BankAccountsApiSpecTest -->
