<?xml version="1.0" encoding="UTF-8"?>
<!-- Generated by org.testng.reporters.JUnitReportReporter -->
<testsuite ignored="6" hostname="lob-mbp-C02G713FMD6P" failures="0" tests="13" name="Model.AddressEditableTest" time="0.000" errors="0" timestamp="05 May 2022 19:39:43 GMT" skipped="0">
  <testcase classname="Model.AddressEditableTest" name="phoneTest" time="0.000"/>
  <testcase classname="Model.AddressEditableTest" name="addressStateTest" time="0.000"/>
  <testcase classname="Model.AddressEditableTest" name="descriptionTest" time="0.000"/>
  <testcase classname="Model.AddressEditableTest" name="addressZipTest" time="0.000"/>
  <testcase classname="Model.AddressEditableTest" name="nameTest" time="0.000"/>
  <testcase classname="Model.AddressEditableTest" name="companyTest" time="0.000"/>
  <testcase classname="Model.AddressEditableTest" name="metadataTest" time="0.000"/>
  <testcase classname="Model.AddressEditableTest" name="emailTest" time="0.000"/>
  <testcase classname="Model.AddressEditableTest" name="addressCityTest" time="0.000"/>
  <testcase classname="Model.AddressEditableTest" name="addressCountryTest" time="0.000"/>
  <testcase classname="Model.AddressEditableTest" name="testAddressEditable" time="0.000"/>
  <testcase classname="Model.AddressEditableTest" name="addressLine1Test" time="0.000"/>
  <testcase classname="Model.AddressEditableTest" name="addressLine2Test" time="0.000"/>
  <testcase classname="Api.BankAccountsApiTest" name="bankAccountVerifyTest">
    <skipped/>
  </testcase> <!-- bankAccountVerifyTest -->
  <testcase classname="Api.LettersApiTest" name="lettersListTest">
    <skipped/>
  </testcase> <!-- lettersListTest -->
  <testcase classname="Api.ChecksApiTest" name="checksListTest">
    <skipped/>
  </testcase> <!-- checksListTest -->
  <testcase classname="Api.BillingGroupsApiTest" name="billingGroupsListTest">
    <skipped/>
  </testcase> <!-- billingGroupsListTest -->
  <testcase classname="Api.PostcardsApiTest" name="postcardsListTest">
    <skipped/>
  </testcase> <!-- postcardsListTest -->
  <testcase classname="Api.TemplatesApiTest" name="templatesListTest">
    <skipped/>
  </testcase> <!-- templatesListTest -->
</testsuite> <!-- Model.AddressEditableTest -->
