<?xml version="1.0" encoding="UTF-8"?>
<!-- Generated by org.testng.reporters.JUnitReportReporter -->
<testsuite ignored="6" hostname="lob-mbp-C02G713FMD6P" failures="0" tests="17" name="Model.SelfMailerTest" time="0.000" errors="0" timestamp="05 May 2022 19:39:43 GMT" skipped="0">
  <testcase classname="Model.SelfMailerTest" name="descriptionTest" time="0.000"/>
  <testcase classname="Model.SelfMailerTest" name="sendDateTest" time="0.000"/>
  <testcase classname="Model.SelfMailerTest" name="fromTest" time="0.000"/>
  <testcase classname="Model.SelfMailerTest" name="mailTypeTest" time="0.000"/>
  <testcase classname="Model.SelfMailerTest" name="outsideTemplateIdTest" time="0.000"/>
  <testcase classname="Model.SelfMailerTest" name="insideTemplateVersionIdTest" time="0.000"/>
  <testcase classname="Model.SelfMailerTest" name="urlTest" time="0.000"/>
  <testcase classname="Model.SelfMailerTest" name="sizeTest" time="0.000"/>
  <testcase classname="Model.SelfMailerTest" name="outsideTemplateVersionIdTest" time="0.000"/>
  <testcase classname="Model.SelfMailerTest" name="trackingEventsTest" time="0.000"/>
  <testcase classname="Model.SelfMailerTest" name="insideTemplateIdTest" time="0.000"/>
  <testcase classname="Model.SelfMailerTest" name="toTest" time="0.000"/>
  <testcase classname="Model.SelfMailerTest" name="metadataTest" time="0.000"/>
  <testcase classname="Model.SelfMailerTest" name="_objectTest" time="0.000"/>
  <testcase classname="Model.SelfMailerTest" name="testSelfMailer" time="0.000"/>
  <testcase classname="Model.SelfMailerTest" name="idTest" time="0.000"/>
  <testcase classname="Model.SelfMailerTest" name="mergeVariablesTest" time="0.000"/>
  <testcase classname="Api.BankAccountsApiTest" name="bankAccountVerifyTest">
    <skipped/>
  </testcase> <!-- bankAccountVerifyTest -->
  <testcase classname="Api.LettersApiTest" name="lettersListTest">
    <skipped/>
  </testcase> <!-- lettersListTest -->
  <testcase classname="Api.ChecksApiTest" name="checksListTest">
    <skipped/>
  </testcase> <!-- checksListTest -->
  <testcase classname="Api.BillingGroupsApiTest" name="billingGroupsListTest">
    <skipped/>
  </testcase> <!-- billingGroupsListTest -->
  <testcase classname="Api.PostcardsApiTest" name="postcardsListTest">
    <skipped/>
  </testcase> <!-- postcardsListTest -->
  <testcase classname="Api.TemplatesApiTest" name="templatesListTest">
    <skipped/>
  </testcase> <!-- templatesListTest -->
</testsuite> <!-- Model.SelfMailerTest -->
