<?xml version="1.0" encoding="UTF-8"?>
<!-- Generated by org.testng.reporters.JUnitReportReporter -->
<testsuite ignored="6" hostname="lob-mbp-C02G713FMD6P" failures="0" tests="5" name="Model.EventTypeTest" time="0.000" errors="0" timestamp="05 May 2022 19:39:42 GMT" skipped="0">
  <testcase classname="Model.EventTypeTest" name="enabledForTestTest" time="0.000"/>
  <testcase classname="Model.EventTypeTest" name="idTest" time="0.000"/>
  <testcase classname="Model.EventTypeTest" name="_objectTest" time="0.000"/>
  <testcase classname="Model.EventTypeTest" name="testEventType" time="0.000"/>
  <testcase classname="Model.EventTypeTest" name="resourceTest" time="0.000"/>
  <testcase classname="Api.BankAccountsApiTest" name="bankAccountVerifyTest">
    <skipped/>
  </testcase> <!-- bankAccountVerifyTest -->
  <testcase classname="Api.LettersApiTest" name="lettersListTest">
    <skipped/>
  </testcase> <!-- lettersListTest -->
  <testcase classname="Api.ChecksApiTest" name="checksListTest">
    <skipped/>
  </testcase> <!-- checksListTest -->
  <testcase classname="Api.BillingGroupsApiTest" name="billingGroupsListTest">
    <skipped/>
  </testcase> <!-- billingGroupsListTest -->
  <testcase classname="Api.PostcardsApiTest" name="postcardsListTest">
    <skipped/>
  </testcase> <!-- postcardsListTest -->
  <testcase classname="Api.TemplatesApiTest" name="templatesListTest">
    <skipped/>
  </testcase> <!-- templatesListTest -->
</testsuite> <!-- Model.EventTypeTest -->
