<?xml version="1.0" encoding="UTF-8"?>
<!-- Generated by org.testng.reporters.JUnitReportReporter -->
<testsuite ignored="6" hostname="lob-mbp-C02G713FMD6P" failures="0" tests="9" name="Api.PostcardsApiTest" time="0.051" errors="0" timestamp="05 May 2022 19:39:43 GMT" skipped="0">
  <testcase classname="Api.PostcardsApiTest" name="postcardRetrieveTest" time="0.001"/>
  <testcase classname="Api.PostcardsApiTest" name="postcardDeleteTestCatchesExceptionWithResponseBody" time="0.000"/>
  <testcase classname="Api.PostcardsApiTest" name="postcardCreateTestCatchesExceptionWithResponseBody" time="0.001"/>
  <testcase classname="Api.PostcardsApiTest" name="postcardDeleteTestCatchesException" time="0.000"/>
  <testcase classname="Api.PostcardsApiTest" name="postcardCreateTest" time="0.049"/>
  <testcase classname="Api.PostcardsApiTest" name="postcardRetrieveTestCatchesExceptionWithResponseBody" time="0.000"/>
  <testcase classname="Api.PostcardsApiTest" name="postcardDeleteTest" time="0.000"/>
  <testcase classname="Api.PostcardsApiTest" name="postcardRetrieveTestCatchesException" time="0.000"/>
  <testcase classname="Api.PostcardsApiTest" name="postcardCreateTestCatchesException" time="0.000"/>
  <testcase classname="Api.BankAccountsApiTest" name="bankAccountVerifyTest">
    <skipped/>
  </testcase> <!-- bankAccountVerifyTest -->
  <testcase classname="Api.LettersApiTest" name="lettersListTest">
    <skipped/>
  </testcase> <!-- lettersListTest -->
  <testcase classname="Api.ChecksApiTest" name="checksListTest">
    <skipped/>
  </testcase> <!-- checksListTest -->
  <testcase classname="Api.BillingGroupsApiTest" name="billingGroupsListTest">
    <skipped/>
  </testcase> <!-- billingGroupsListTest -->
  <testcase classname="Api.PostcardsApiTest" name="postcardsListTest">
    <skipped/>
  </testcase> <!-- postcardsListTest -->
  <testcase classname="Api.TemplatesApiTest" name="templatesListTest">
    <skipped/>
  </testcase> <!-- templatesListTest -->
</testsuite> <!-- Api.PostcardsApiTest -->
