<?xml version="1.0" encoding="UTF-8"?>
<!-- Generated by org.testng.reporters.JUnitReportReporter -->
<testsuite ignored="6" hostname="lob-mbp-C02G713FMD6P" failures="0" tests="11" name="Api.ChecksApiTest" time="0.053" errors="0" timestamp="05 May 2022 19:39:42 GMT" skipped="0">
  <testcase classname="Api.ChecksApiTest" name="checkCreateTest" time="0.000"/>
  <testcase classname="Api.ChecksApiTest" name="checkListTestCatchesException" time="0.001"/>
  <testcase classname="Api.ChecksApiTest" name="checkRetrieveTestCatchesException" time="0.001"/>
  <testcase classname="Api.ChecksApiTest" name="checkCreateTestCatchesExceptionWithResponseBody" time="0.000"/>
  <testcase classname="Api.ChecksApiTest" name="checkCancelTestCatchesExceptionWithResponseBody" time="0.001"/>
  <testcase classname="Api.ChecksApiTest" name="checkRetrieveTest" time="0.000"/>
  <testcase classname="Api.ChecksApiTest" name="checkListTestCatchesExceptionWithResponseBody" time="0.000"/>
  <testcase classname="Api.ChecksApiTest" name="checkRetrieveTestCatchesExceptionWithResponseBody" time="0.000"/>
  <testcase classname="Api.ChecksApiTest" name="checkCancelTest" time="0.049"/>
  <testcase classname="Api.ChecksApiTest" name="checkCreateTestCatchesException" time="0.001"/>
  <testcase classname="Api.ChecksApiTest" name="checkCancelTestCatchesException" time="0.000"/>
  <testcase classname="Api.BankAccountsApiTest" name="bankAccountVerifyTest">
    <skipped/>
  </testcase> <!-- bankAccountVerifyTest -->
  <testcase classname="Api.LettersApiTest" name="lettersListTest">
    <skipped/>
  </testcase> <!-- lettersListTest -->
  <testcase classname="Api.ChecksApiTest" name="checksListTest">
    <skipped/>
  </testcase> <!-- checksListTest -->
  <testcase classname="Api.BillingGroupsApiTest" name="billingGroupsListTest">
    <skipped/>
  </testcase> <!-- billingGroupsListTest -->
  <testcase classname="Api.PostcardsApiTest" name="postcardsListTest">
    <skipped/>
  </testcase> <!-- postcardsListTest -->
  <testcase classname="Api.TemplatesApiTest" name="templatesListTest">
    <skipped/>
  </testcase> <!-- templatesListTest -->
</testsuite> <!-- Api.ChecksApiTest -->
