<?xml version="1.0" encoding="UTF-8"?>
<!-- Generated by org.testng.reporters.JUnitReportReporter -->
<testsuite ignored="6" hostname="lob-mbp-C02G713FMD6P" failures="0" tests="21" name="Model.AddressTest" time="0.000" errors="0" timestamp="05 May 2022 19:39:43 GMT" skipped="0">
  <testcase classname="Model.AddressTest" name="addressStateTest" time="0.000"/>
  <testcase classname="Model.AddressTest" name="_objectTest" time="0.000"/>
  <testcase classname="Model.AddressTest" name="recipientMovedFalseTest" time="0.000"/>
  <testcase classname="Model.AddressTest" name="addressLine2Test" time="0.000"/>
  <testcase classname="Model.AddressTest" name="testAddress" time="0.000"/>
  <testcase classname="Model.AddressTest" name="addressCityTest" time="0.000"/>
  <testcase classname="Model.AddressTest" name="emailTest" time="0.000"/>
  <testcase classname="Model.AddressTest" name="idTest" time="0.000"/>
  <testcase classname="Model.AddressTest" name="addressLine1Test" time="0.000"/>
  <testcase classname="Model.AddressTest" name="notDeletedTest" time="0.000"/>
  <testcase classname="Model.AddressTest" name="nameTest" time="0.000"/>
  <testcase classname="Model.AddressTest" name="recipientMovedTest" time="0.000"/>
  <testcase classname="Model.AddressTest" name="descriptionTest" time="0.000"/>
  <testcase classname="Model.AddressTest" name="addressZipTest" time="0.000"/>
  <testcase classname="Model.AddressTest" name="companyTest" time="0.000"/>
  <testcase classname="Model.AddressTest" name="metadataTest" time="0.000"/>
  <testcase classname="Model.AddressTest" name="deletedTest" time="0.000"/>
  <testcase classname="Model.AddressTest" name="dateModifiedTest" time="0.000"/>
  <testcase classname="Model.AddressTest" name="addressCountryTest" time="0.000"/>
  <testcase classname="Model.AddressTest" name="phoneTest" time="0.000"/>
  <testcase classname="Model.AddressTest" name="dateCreatedTest" time="0.000"/>
  <testcase classname="Api.BankAccountsApiTest" name="bankAccountVerifyTest">
    <skipped/>
  </testcase> <!-- bankAccountVerifyTest -->
  <testcase classname="Api.LettersApiTest" name="lettersListTest">
    <skipped/>
  </testcase> <!-- lettersListTest -->
  <testcase classname="Api.ChecksApiTest" name="checksListTest">
    <skipped/>
  </testcase> <!-- checksListTest -->
  <testcase classname="Api.BillingGroupsApiTest" name="billingGroupsListTest">
    <skipped/>
  </testcase> <!-- billingGroupsListTest -->
  <testcase classname="Api.PostcardsApiTest" name="postcardsListTest">
    <skipped/>
  </testcase> <!-- postcardsListTest -->
  <testcase classname="Api.TemplatesApiTest" name="templatesListTest">
    <skipped/>
  </testcase> <!-- templatesListTest -->
</testsuite> <!-- Model.AddressTest -->
