<?xml version="1.0" encoding="UTF-8"?>
<!-- Generated by org.testng.reporters.JUnitReportReporter -->
<testsuite ignored="6" hostname="lob-mbp-C02G713FMD6P" failures="0" tests="11" name="Api.LettersApiTest" time="0.071" errors="0" timestamp="05 May 2022 17:55:13 GMT" skipped="0">
  <testcase classname="Api.LettersApiTest" name="letterCancelTestCatchesExceptionWithResponseBody" time="0.000"/>
  <testcase classname="Api.LettersApiTest" name="letterListTestCatchesException" time="0.001"/>
  <testcase classname="Api.LettersApiTest" name="letterRetrieveTestCatchesExceptionWithResponseBody" time="0.001"/>
  <testcase classname="Api.LettersApiTest" name="letterCancelTestCatchesException" time="0.000"/>
  <testcase classname="Api.LettersApiTest" name="letterCreateTestCatchesExceptionWithResponseBody" time="0.000"/>
  <testcase classname="Api.LettersApiTest" name="letterRetrieveTest" time="0.001"/>
  <testcase classname="Api.LettersApiTest" name="letterCreateTestCatchesException" time="0.000"/>
  <testcase classname="Api.LettersApiTest" name="letterCancelTest" time="0.067"/>
  <testcase classname="Api.LettersApiTest" name="letterListTestCatchesExceptionWithResponseBody" time="0.000"/>
  <testcase classname="Api.LettersApiTest" name="letterRetrieveTestCatchesException" time="0.000"/>
  <testcase classname="Api.LettersApiTest" name="letterCreateTest" time="0.001"/>
  <testcase classname="Api.ChecksApiTest" name="checksListTest">
    <skipped/>
  </testcase> <!-- checksListTest -->
  <testcase classname="Api.BankAccountsApiTest" name="bankAccountVerifyTest">
    <skipped/>
  </testcase> <!-- bankAccountVerifyTest -->
  <testcase classname="Api.PostcardsApiTest" name="postcardsListTest">
    <skipped/>
  </testcase> <!-- postcardsListTest -->
  <testcase classname="Api.TemplatesApiTest" name="templatesListTest">
    <skipped/>
  </testcase> <!-- templatesListTest -->
  <testcase classname="Api.BillingGroupsApiTest" name="billingGroupsListTest">
    <skipped/>
  </testcase> <!-- billingGroupsListTest -->
  <testcase classname="Api.LettersApiTest" name="lettersListTest">
    <skipped/>
  </testcase> <!-- lettersListTest -->
</testsuite> <!-- Api.LettersApiTest -->
