<?xml version="1.0" encoding="UTF-8"?>
<!-- Generated by org.testng.reporters.JUnitReportReporter -->
<testsuite ignored="6" hostname="lob-mbp-C02G713FMD6P" failures="0" tests="13" name="Integration.AddressesApiSpecTest" time="3.069" errors="0" timestamp="05 May 2022 19:39:43 GMT" skipped="0">
  <testcase classname="Integration.AddressesApiSpecTest" name="addressCreateTestBadUsername" time="0.406"/>
  <testcase classname="Integration.AddressesApiSpecTest" name="addressListTest" time="0.343"/>
  <testcase classname="Integration.AddressesApiSpecTest" name="addressListTestWithBeforeParam" time="0.356"/>
  <testcase classname="Integration.AddressesApiSpecTest" name="addressRetrieveTest" time="0.378"/>
  <testcase classname="Integration.AddressesApiSpecTest" name="addressRetrieveTestBadParameter" time="0.000"/>
  <testcase classname="Integration.AddressesApiSpecTest" name="addressCreateTest" time="0.184"/>
  <testcase classname="Integration.AddressesApiSpecTest" name="addressRetrieveTestBadUsername" time="0.091"/>
  <testcase classname="Integration.AddressesApiSpecTest" name="addressCreateTestBadParameter" time="0.001"/>
  <testcase classname="Integration.AddressesApiSpecTest" name="addressListTestWithNextPageToken" time="0.438"/>
  <testcase classname="Integration.AddressesApiSpecTest" name="addressListTestBadUsername" time="0.258"/>
  <testcase classname="Integration.AddressesApiSpecTest" name="addressListTestWithPreviousPageToken" time="0.227"/>
  <testcase classname="Integration.AddressesApiSpecTest" name="addressDeleteTest" time="0.101"/>
  <testcase classname="Integration.AddressesApiSpecTest" name="addressListTestWithIncludesParam" time="0.286"/>
  <testcase classname="Api.BankAccountsApiTest" name="bankAccountVerifyTest">
    <skipped/>
  </testcase> <!-- bankAccountVerifyTest -->
  <testcase classname="Api.LettersApiTest" name="lettersListTest">
    <skipped/>
  </testcase> <!-- lettersListTest -->
  <testcase classname="Api.ChecksApiTest" name="checksListTest">
    <skipped/>
  </testcase> <!-- checksListTest -->
  <testcase classname="Api.BillingGroupsApiTest" name="billingGroupsListTest">
    <skipped/>
  </testcase> <!-- billingGroupsListTest -->
  <testcase classname="Api.PostcardsApiTest" name="postcardsListTest">
    <skipped/>
  </testcase> <!-- postcardsListTest -->
  <testcase classname="Api.TemplatesApiTest" name="templatesListTest">
    <skipped/>
  </testcase> <!-- templatesListTest -->
</testsuite> <!-- Integration.AddressesApiSpecTest -->
