<?xml version="1.0" encoding="UTF-8"?>
<!-- Generated by org.testng.reporters.JUnitReportReporter -->
<testsuite ignored="6" hostname="lob-mbp-C02G713FMD6P" failures="0" tests="12" name="Api.SelfMailersApiTest" time="0.043" errors="0" timestamp="05 May 2022 19:39:43 GMT" skipped="0">
  <testcase classname="Api.SelfMailersApiTest" name="selfMailersListTestCatchesException" time="0.001"/>
  <testcase classname="Api.SelfMailersApiTest" name="selfMailersListTestCatchesExceptionWithResponseBody" time="0.000"/>
  <testcase classname="Api.SelfMailersApiTest" name="selfMailerDeleteTest" time="0.001"/>
  <testcase classname="Api.SelfMailersApiTest" name="selfMailerCreateTest" time="0.038"/>
  <testcase classname="Api.SelfMailersApiTest" name="selfMailerDeleteTestCatchesExceptionWithResponseBody" time="0.001"/>
  <testcase classname="Api.SelfMailersApiTest" name="selfMailerRetrieveTestCatchesException" time="0.000"/>
  <testcase classname="Api.SelfMailersApiTest" name="selfMailersListTest" time="0.000"/>
  <testcase classname="Api.SelfMailersApiTest" name="selfMailerRetrieveTest" time="0.000"/>
  <testcase classname="Api.SelfMailersApiTest" name="selfMailerCreateTestCatchesExceptionWithResponseBody" time="0.000"/>
  <testcase classname="Api.SelfMailersApiTest" name="selfMailerCreateTestCatchesException" time="0.001"/>
  <testcase classname="Api.SelfMailersApiTest" name="selfMailerDeleteTestCatchesException" time="0.000"/>
  <testcase classname="Api.SelfMailersApiTest" name="selfMailerRetrieveTestCatchesExceptionWithResponseBody" time="0.001"/>
  <testcase classname="Api.BankAccountsApiTest" name="bankAccountVerifyTest">
    <skipped/>
  </testcase> <!-- bankAccountVerifyTest -->
  <testcase classname="Api.LettersApiTest" name="lettersListTest">
    <skipped/>
  </testcase> <!-- lettersListTest -->
  <testcase classname="Api.ChecksApiTest" name="checksListTest">
    <skipped/>
  </testcase> <!-- checksListTest -->
  <testcase classname="Api.BillingGroupsApiTest" name="billingGroupsListTest">
    <skipped/>
  </testcase> <!-- billingGroupsListTest -->
  <testcase classname="Api.PostcardsApiTest" name="postcardsListTest">
    <skipped/>
  </testcase> <!-- postcardsListTest -->
  <testcase classname="Api.TemplatesApiTest" name="templatesListTest">
    <skipped/>
  </testcase> <!-- templatesListTest -->
</testsuite> <!-- Api.SelfMailersApiTest -->
