<?xml version="1.0" encoding="UTF-8"?>
<!-- Generated by org.testng.reporters.JUnitReportReporter -->
<testsuite ignored="6" hostname="lob-mbp-C02G713FMD6P" failures="0" tests="15" name="Api.TemplateVersionsApiTest" time="0.035" errors="0" timestamp="05 May 2022 19:39:42 GMT" skipped="0">
  <testcase classname="Api.TemplateVersionsApiTest" name="templateVersionsListTest" time="0.000"/>
  <testcase classname="Api.TemplateVersionsApiTest" name="templateVersionUpdateTestCatchesExceptionWithResponseBody" time="0.000"/>
  <testcase classname="Api.TemplateVersionsApiTest" name="templateVersionRetrieveTestCatchesException" time="0.000"/>
  <testcase classname="Api.TemplateVersionsApiTest" name="createTemplateVersionTestCatchesExceptionWithResponseBody" time="0.001"/>
  <testcase classname="Api.TemplateVersionsApiTest" name="templateVersionUpdateTestCatchesException" time="0.000"/>
  <testcase classname="Api.TemplateVersionsApiTest" name="templateVersionsListTestCatchesException" time="0.001"/>
  <testcase classname="Api.TemplateVersionsApiTest" name="templateVersionRetrieveTestCatchesExceptionWithResponseBody" time="0.001"/>
  <testcase classname="Api.TemplateVersionsApiTest" name="templateVersionDeleteTestCatchesException" time="0.000"/>
  <testcase classname="Api.TemplateVersionsApiTest" name="templateVersionsListTestCatchesExceptionWithResponseBody" time="0.000"/>
  <testcase classname="Api.TemplateVersionsApiTest" name="createTemplateVersionTest" time="0.031"/>
  <testcase classname="Api.TemplateVersionsApiTest" name="createTemplateVersionTestCatchesException" time="0.000"/>
  <testcase classname="Api.TemplateVersionsApiTest" name="templateVersionDeleteTestCatchesExceptionWithResponseBody" time="0.001"/>
  <testcase classname="Api.TemplateVersionsApiTest" name="templateVersionDeleteTest" time="0.000"/>
  <testcase classname="Api.TemplateVersionsApiTest" name="templateVersionRetrieveTest" time="0.000"/>
  <testcase classname="Api.TemplateVersionsApiTest" name="templateVersionUpdateTest" time="0.000"/>
  <testcase classname="Api.BankAccountsApiTest" name="bankAccountVerifyTest">
    <skipped/>
  </testcase> <!-- bankAccountVerifyTest -->
  <testcase classname="Api.LettersApiTest" name="lettersListTest">
    <skipped/>
  </testcase> <!-- lettersListTest -->
  <testcase classname="Api.ChecksApiTest" name="checksListTest">
    <skipped/>
  </testcase> <!-- checksListTest -->
  <testcase classname="Api.BillingGroupsApiTest" name="billingGroupsListTest">
    <skipped/>
  </testcase> <!-- billingGroupsListTest -->
  <testcase classname="Api.PostcardsApiTest" name="postcardsListTest">
    <skipped/>
  </testcase> <!-- postcardsListTest -->
  <testcase classname="Api.TemplatesApiTest" name="templatesListTest">
    <skipped/>
  </testcase> <!-- templatesListTest -->
</testsuite> <!-- Api.TemplateVersionsApiTest -->
