<?xml version="1.0" encoding="UTF-8"?>
<!-- Generated by org.testng.reporters.JUnitReportReporter -->
<testsuite ignored="6" hostname="lob-mbp-C02G713FMD6P" failures="0" tests="13" name="Integration.AddressesApiSpecTest" time="2.949" errors="0" timestamp="05 May 2022 17:55:13 GMT" skipped="0">
  <testcase classname="Integration.AddressesApiSpecTest" name="addressCreateTest" time="0.180"/>
  <testcase classname="Integration.AddressesApiSpecTest" name="addressDeleteTest" time="0.106"/>
  <testcase classname="Integration.AddressesApiSpecTest" name="addressCreateTestBadUsername" time="0.353"/>
  <testcase classname="Integration.AddressesApiSpecTest" name="addressListTestWithIncludesParam" time="0.297"/>
  <testcase classname="Integration.AddressesApiSpecTest" name="addressListTest" time="0.115"/>
  <testcase classname="Integration.AddressesApiSpecTest" name="addressRetrieveTest" time="0.392"/>
  <testcase classname="Integration.AddressesApiSpecTest" name="addressListTestWithPreviousPageToken" time="0.229"/>
  <testcase classname="Integration.AddressesApiSpecTest" name="addressRetrieveTestBadParameter" time="0.000"/>
  <testcase classname="Integration.AddressesApiSpecTest" name="addressListTestWithNextPageToken" time="0.436"/>
  <testcase classname="Integration.AddressesApiSpecTest" name="addressRetrieveTestBadUsername" time="0.284"/>
  <testcase classname="Integration.AddressesApiSpecTest" name="addressListTestBadUsername" time="0.260"/>
  <testcase classname="Integration.AddressesApiSpecTest" name="addressCreateTestBadParameter" time="0.000"/>
  <testcase classname="Integration.AddressesApiSpecTest" name="addressListTestWithBeforeParam" time="0.297"/>
  <testcase classname="Api.ChecksApiTest" name="checksListTest">
    <skipped/>
  </testcase> <!-- checksListTest -->
  <testcase classname="Api.BankAccountsApiTest" name="bankAccountVerifyTest">
    <skipped/>
  </testcase> <!-- bankAccountVerifyTest -->
  <testcase classname="Api.PostcardsApiTest" name="postcardsListTest">
    <skipped/>
  </testcase> <!-- postcardsListTest -->
  <testcase classname="Api.TemplatesApiTest" name="templatesListTest">
    <skipped/>
  </testcase> <!-- templatesListTest -->
  <testcase classname="Api.BillingGroupsApiTest" name="billingGroupsListTest">
    <skipped/>
  </testcase> <!-- billingGroupsListTest -->
  <testcase classname="Api.LettersApiTest" name="lettersListTest">
    <skipped/>
  </testcase> <!-- lettersListTest -->
</testsuite> <!-- Integration.AddressesApiSpecTest -->
